--- Copying files at Thu Nov 28 12:43:47 UTC 2019
--- Copying files at Thu Nov 28 13:05:21 UTC 2019
--- Copying files at Fri Nov 29 09:11:30 UTC 2019
--- Copying files at Fri Nov 29 14:12:04 UTC 2019
--- Copying files at Sun Dec  1 15:20:13 UTC 2019
--- Copying files at Wed Apr 29 12:05:41 UTC 2020
--- Copying files at Mon May  4 08:52:00 UTC 2020
--- Copying files at Tue May  5 13:12:35 UTC 2020
--- Copying files at Tue May  5 14:36:05 UTC 2020
--- Copying files at Tue May  5 14:44:00 UTC 2020
--- Copying files at Wed May  6 06:34:38 UTC 2020
--- Copying files at Wed May  6 10:03:12 UTC 2020
--- Copying files at Wed May  6 11:44:28 UTC 2020
--- Copying files at Wed May  6 12:18:10 UTC 2020
--- Copying files at Wed May  6 14:03:20 UTC 2020
--- Copying files at Thu May  7 02:59:01 UTC 2020
--- Copying files at Thu May  7 03:27:27 UTC 2020
--- Copying files at Thu May  7 06:22:51 UTC 2020
--- Copying files at Fri May  8 18:58:42 UTC 2020
--- Copying files at Mon May 11 07:53:14 UTC 2020
--- Copying files at Mon May 11 10:10:09 UTC 2020
--- Copying files at Mon May 11 15:27:42 UTC 2020
--- Copying files at Tue May 12 14:25:04 UTC 2020
--- Copying files at Tue May 12 14:25:35 UTC 2020
--- Copying files at Tue May 12 14:41:29 UTC 2020
--- Copying files at Tue May 12 14:51:43 UTC 2020
--- Copying files at Tue May 12 14:56:43 UTC 2020
--- Copying files at Tue May 12 15:35:20 UTC 2020
--- Copying files at Wed May 13 07:24:23 UTC 2020
