Started at Sat May 09 10:55:18 UTC 2020
deleting obsolete /var/jenkins_home/fingerprints/6e/53/d0bdbdee89c4aaa6573f3f3fd80e.xml
deleting obsolete /var/jenkins_home/fingerprints/ab/9e/f097939fe573d47d33b9418fd52a.xml
deleting obsolete /var/jenkins_home/fingerprints/cd/d3/3a45c8ad77e1501ec13fe90cee82.xml
deleting obsolete /var/jenkins_home/fingerprints/da/a2/fa40905ee5d8d1951447d0fb7160.xml
deleting obsolete /var/jenkins_home/fingerprints/fb/bd/008e67c6bd629c788771983d884c.xml
deleting obsolete /var/jenkins_home/fingerprints/fb/ba/02d40553d42dc1cb55b175e0123e.xml
deleting obsolete /var/jenkins_home/fingerprints/71/af/a5723162b60b022778041a80c0cb.xml
deleting obsolete /var/jenkins_home/fingerprints/b0/b2/4829e9d470afbe50e1e3236b7932.xml
deleting obsolete /var/jenkins_home/fingerprints/85/ad/0b445779858c4b3925c0ccfca136.xml
deleting obsolete /var/jenkins_home/fingerprints/29/ac/8b437b51b62e232773427ed9f797.xml
deleting obsolete /var/jenkins_home/fingerprints/6b/f4/ef66a2c64ac88fe7a54a166e0445.xml
deleting obsolete /var/jenkins_home/fingerprints/6b/9b/bc55d121373b3f4c981d74ced6d0.xml
deleting obsolete /var/jenkins_home/fingerprints/73/b2/953c03a4333e591861669c59262f.xml
deleting obsolete /var/jenkins_home/fingerprints/b2/0b/8951c0b3a284633b476dbbae97b0.xml
deleting obsolete /var/jenkins_home/fingerprints/c7/0c/fe1ed4717167d419e071498691a3.xml
deleting obsolete /var/jenkins_home/fingerprints/64/9b/eec2422c1d2430ebd51d8da37cf5.xml
deleting obsolete /var/jenkins_home/fingerprints/31/51/b7d6a5021baecfddd0f5a692b425.xml
deleting obsolete /var/jenkins_home/fingerprints/0a/49/06aad4de9c643ecc88592bacc20f.xml
deleting obsolete /var/jenkins_home/fingerprints/92/9d/dc51b47192d637b7836beba88f9b.xml
deleting obsolete /var/jenkins_home/fingerprints/ca/34/a6248439278a17bb8c2c0a52f8d6.xml
deleting obsolete /var/jenkins_home/fingerprints/69/52/c98e96087c2512e532f57645dd06.xml
deleting obsolete /var/jenkins_home/fingerprints/ae/1e/5b1a73dc072ed18234aa2d5f24fc.xml
deleting obsolete /var/jenkins_home/fingerprints/b4/13/4a42b8ddcca74ae29eac6b615138.xml
deleting obsolete /var/jenkins_home/fingerprints/b5/7d/1b90b77616d8ebcb0ff07d758af5.xml
deleting obsolete /var/jenkins_home/fingerprints/19/dc/753cde58dc7cebba0ba8da6c756d.xml
deleting obsolete /var/jenkins_home/fingerprints/2a/5b/d985811252c4264ed8f501c30a72.xml
deleting obsolete /var/jenkins_home/fingerprints/78/ba/f416705e31813129989a47fc0d9e.xml
deleting obsolete /var/jenkins_home/fingerprints/40/30/13f4ea6ee614df89d694b9b759d3.xml
deleting obsolete /var/jenkins_home/fingerprints/d8/12/53a4ca2ec1d9d02130a5e28a7605.xml
Cleaned up 29 records
Finished at Sat May 09 10:55:18 UTC 2020. 34ms
